Start testing: Jan 22 20:21 W. Europe Standard Time
----------------------------------------------------------
1/1 Testing: CalculatorTests
1/1 Test: CalculatorTests
Command: "C:/DevOpsProject/build/Debug/calculator_test.exe"
Directory: C:/DevOpsProject/build
"CalculatorTests" start time: Jan 22 20:21 W. Europe Standard Time
Output:
----------------------------------------------------------
[==========] Running 4 tests from 1 test suite.
[----------] Global test environment set-up.
[----------] 4 tests from CalculatorTest
[ RUN      ] CalculatorTest.Addition
[       OK ] CalculatorTest.Addition (0 ms)
[ RUN      ] CalculatorTest.Subtraction
[       OK ] CalculatorTest.Subtraction (0 ms)
[ RUN      ] CalculatorTest.Multiplication
[       OK ] CalculatorTest.Multiplication (0 ms)
[ RUN      ] CalculatorTest.Division
[       OK ] CalculatorTest.Division (0 ms)
[----------] 4 tests from CalculatorTest (0 ms total)

[----------] Global test environment tear-down
[==========] 4 tests from 1 test suite ran. (0 ms total)
[  PASSED  ] 4 tests.
<end of output>
Test time =   0.05 sec
----------------------------------------------------------
Test Passed.
"CalculatorTests" end time: Jan 22 20:21 W. Europe Standard Time
"CalculatorTests" time elapsed: 00:00:00
----------------------------------------------------------

End testing: Jan 22 20:21 W. Europe Standard Time
